[0.102s] Invoking command in '/home/sajjad/Downloads/demo_ros2/serial_test/build/serial_imu': CMAKE_PREFIX_PATH=${CMAKE_PREFIX_PATH}:/opt/ros/humble /usr/bin/cmake --build /home/sajjad/Downloads/demo_ros2/serial_test/build/serial_imu -- -j4 -l4
[0.157s] [35m[1mConsolidate compiler generated dependencies of target listener[0m
[0.157s] [35m[1mConsolidate compiler generated dependencies of target talker[0m
[0.181s] [ 20%] [32mBuilding CXX object CMakeFiles/talker.dir/src/serial_port.cpp.o[0m
[0.185s] [ 40%] [32mBuilding CXX object CMakeFiles/listener.dir/src/sub_spec.cpp.o[0m
[0.185s] [ 60%] [32mBuilding C object CMakeFiles/talker.dir/src/ch_serial.c.o[0m
[0.232s] [01m[K/home/sajjad/Downloads/demo_ros2/serial_test/src/serial_imu/src/ch_serial.c:[m[K In function â€˜[01m[Kparse_data[m[Kâ€™:
[0.232s] [01m[K/home/sajjad/Downloads/demo_ros2/serial_test/src/serial_imu/src/ch_serial.c:65:28:[m[K [01;31m[Kerror: [m[Kâ€˜[01m[Kch_imu_data_t[m[Kâ€™ has no member named â€˜[01m[Kpressure[m[Kâ€™
[0.232s]    65 |                 raw->imu[0][01;31m[K.[m[Kpressure = R4(p+ofs+4);
[0.232s]       |                            [01;31m[K^[m[K
[0.233s] [01m[K/home/sajjad/Downloads/demo_ros2/serial_test/src/serial_imu/src/ch_serial.c:48:18:[m[K [01;35m[Kwarning: [m[Kunused variable â€˜[01m[Ki[m[Kâ€™ [[01;35m[K]8;;https://gcc.gnu.org/onlinedocs/gcc/Warning-Options.html#index-Wunused-variable-Wunused-variable]8;;[m[K]
[0.235s]    48 |     int ofs = 0, [01;35m[Ki[m[K = 0;
[0.235s]       |                  [01;35m[K^[m[K
[0.237s] gmake[2]: *** [CMakeFiles/talker.dir/build.make:90: CMakeFiles/talker.dir/src/ch_serial.c.o] Error 1
[0.237s] gmake[2]: *** Waiting for unfinished jobs....
[3.463s] [01m[K/home/sajjad/Downloads/demo_ros2/serial_test/src/serial_imu/src/serial_port.cpp:119:2:[m[K [01;31m[Kerror: [m[Kexpected â€˜[01m[K}[m[Kâ€™ at end of input
[3.463s]   119 | }
[3.463s]       |  [01;31m[K^[m[K
[3.463s] [01m[K/home/sajjad/Downloads/demo_ros2/serial_test/src/serial_imu/src/serial_port.cpp:30:1:[m[K [01;36m[Knote: [m[Kto match this â€˜[01m[K{[m[Kâ€™
[3.463s]    30 | [01;36m[K{[m[K
[3.463s]       | [01;36m[K^[m[K
[3.473s] [01m[K/home/sajjad/Downloads/demo_ros2/serial_test/src/serial_imu/src/serial_port.cpp:[m[K In constructor â€˜[01m[KIMUPublisher::IMUPublisher()[m[Kâ€™:
[3.473s] [01m[K/home/sajjad/Downloads/demo_ros2/serial_test/src/serial_imu/src/serial_port.cpp:36:30:[m[K [01;31m[Kerror: [m[Kâ€˜[01m[Kopen_serial[m[Kâ€™ was not declared in this scope
[3.473s]    36 |                         fd = [01;31m[Kopen_serial[m[K();
[3.474s]       |                              [01;31m[K^~~~~~~~~~~[m[K
[3.481s] [01m[K/home/sajjad/Downloads/demo_ros2/serial_test/src/serial_imu/src/serial_port.cpp:37:25:[m[K [01;31m[Kerror: [m[Kâ€˜[01m[Kimu_pub[m[Kâ€™ was not declared in this scope
[3.481s]    37 |                         [01;31m[Kimu_pub[m[K = this->create_publisher<sensor_msgs::msg::Imu>("/Imu_data", 20);
[3.481s]       |                         [01;31m[K^~~~~~~[m[K
[3.493s] [01m[K/home/sajjad/Downloads/demo_ros2/serial_test/src/serial_imu/src/serial_port.cpp:38:25:[m[K [01;31m[Kerror: [m[Kâ€˜[01m[Ktimer_[m[Kâ€™ was not declared in this scope; did you mean â€˜[01m[Ktimer_t[m[Kâ€™?
[3.493s]    38 |                         [01;31m[Ktimer_[m[K = this->create_wall_timer(2ms, std::bind(&IMUPublisher::timer_callback, this));
[3.493s]       |                         [01;31m[K^~~~~~[m[K
[3.493s]       |                         [32m[Ktimer_t[m[K
[3.504s] [01m[K/home/sajjad/Downloads/demo_ros2/serial_test/src/serial_imu/src/serial_port.cpp:[m[K In member function â€˜[01m[Kvoid IMUPublisher::timer_callback()[m[Kâ€™:
[3.504s] [01m[K/home/sajjad/Downloads/demo_ros2/serial_test/src/serial_imu/src/serial_port.cpp:57:96:[m[K [01;31m[Kerror: [m[Kâ€˜[01m[Kstruct ch_imu_data_t[m[Kâ€™ has no member named â€˜[01m[Kpressure[m[Kâ€™
[3.504s]    57 |                                                 imu_data.orientation.x = raw.imu[raw.nimu - 1].[01;31m[Kpressure[m[K;
[3.505s]       |                                                                                                [01;31m[K^~~~~~~~[m[K
[3.511s] [01m[K/home/sajjad/Downloads/demo_ros2/serial_test/src/serial_imu/src/serial_port.cpp:62:49:[m[K [01;31m[Kerror: [m[Kâ€˜[01m[Kimu_pub[m[Kâ€™ was not declared in this scope
[3.512s]    62 |                                                 [01;31m[Kimu_pub[m[K->publish(imu_data);
[3.512s]       |                                                 [01;31m[K^~~~~~~[m[K
[3.512s] [01m[K/home/sajjad/Downloads/demo_ros2/serial_test/src/serial_imu/src/serial_port.cpp:71:17:[m[K [01;31m[Kerror: [m[Ka function-definition is not allowed here before â€˜[01m[K{[m[Kâ€™ token
[3.512s]    71 |                 [01;31m[K{[m[K
[3.512s]       |                 [01;31m[K^[m[K
[3.519s] [01m[K/home/sajjad/Downloads/demo_ros2/serial_test/src/serial_imu/src/serial_port.cpp:[m[K At global scope:
[3.519s] [01m[K/home/sajjad/Downloads/demo_ros2/serial_test/src/serial_imu/src/serial_port.cpp:119:2:[m[K [01;31m[Kerror: [m[Kexpected unqualified-id at end of input
[3.519s]   119 | }
[3.520s]       |  [01;31m[K^[m[K
[4.402s] gmake[2]: *** [CMakeFiles/talker.dir/build.make:76: CMakeFiles/talker.dir/src/serial_port.cpp.o] Error 1
[4.402s] gmake[1]: *** [CMakeFiles/Makefile2:139: CMakeFiles/talker.dir/all] Error 2
[4.402s] gmake[1]: *** Waiting for unfinished jobs....
[10.740s] [ 80%] [32m[1mLinking CXX executable listener[0m
[11.309s] [ 80%] Built target listener
[11.311s] gmake: *** [Makefile:146: all] Error 2
[11.314s] Invoked command in '/home/sajjad/Downloads/demo_ros2/serial_test/build/serial_imu' returned '2': CMAKE_PREFIX_PATH=${CMAKE_PREFIX_PATH}:/opt/ros/humble /usr/bin/cmake --build /home/sajjad/Downloads/demo_ros2/serial_test/build/serial_imu -- -j4 -l4
