[0.108s] Invoking command in '/home/sajjad/Downloads/demo_ros2/build/serial_imu1': CMAKE_PREFIX_PATH=/home/sajjad/Downloads/demo_ros2/install/custom_msg1:/home/sajjad/Downloads/demo_ros2/install/pub_sub_custom_msg1:/opt/ros/humble /usr/bin/cmake --build /home/sajjad/Downloads/demo_ros2/build/serial_imu1 -- -j4 -l4
[0.165s] [35m[1mConsolidate compiler generated dependencies of target talker1[0m
[0.165s] [35m[1mConsolidate compiler generated dependencies of target listener1[0m
[0.191s] [ 20%] [32mBuilding CXX object CMakeFiles/talker1.dir/src/serial_port.cpp.o[0m
[0.194s] [ 60%] Built target listener1
[3.420s] [01m[K/home/sajjad/Downloads/demo_ros2/ros2_ws/src/serial_imu1/src/serial_port.cpp:[m[K In member function â€˜[01m[Kvoid IMUPublisher::timer_callback()[m[Kâ€™:
[3.420s] [01m[K/home/sajjad/Downloads/demo_ros2/ros2_ws/src/serial_imu1/src/serial_port.cpp:83:88:[m[K [01;31m[Kerror: [m[Kâ€˜[01m[Kstruct ch_imu_data_t[m[Kâ€™ has no member named â€˜[01m[Kvoltage[m[Kâ€™
[3.420s]    83 |                                                   message.volt = raw.imu[raw.nimu - 1].[01;31m[Kvoltage[m[K;
[3.420s]       |                                                                                        [01;31m[K^~~~~~~[m[K
[3.421s] [01m[K/home/sajjad/Downloads/demo_ros2/ros2_ws/src/serial_imu1/src/serial_port.cpp:85:87:[m[K [01;31m[Kerror: [m[Kâ€˜[01m[Kstruct ch_imu_data_t[m[Kâ€™ has no member named â€˜[01m[Kampere[m[Kâ€™
[3.421s]    85 |                                                   message.amp = raw.imu[raw.nimu - 1].[01;31m[Kampere[m[K;
[3.421s]       |                                                                                       [01;31m[K^~~~~~[m[K
[4.454s] gmake[2]: *** [CMakeFiles/talker1.dir/build.make:76: CMakeFiles/talker1.dir/src/serial_port.cpp.o] Error 1
[4.455s] gmake[1]: *** [CMakeFiles/Makefile2:139: CMakeFiles/talker1.dir/all] Error 2
[4.455s] gmake: *** [Makefile:146: all] Error 2
[4.457s] Invoked command in '/home/sajjad/Downloads/demo_ros2/build/serial_imu1' returned '2': CMAKE_PREFIX_PATH=/home/sajjad/Downloads/demo_ros2/install/custom_msg1:/home/sajjad/Downloads/demo_ros2/install/pub_sub_custom_msg1:/opt/ros/humble /usr/bin/cmake --build /home/sajjad/Downloads/demo_ros2/build/serial_imu1 -- -j4 -l4
