[0.108s] Invoking command in '/home/sajjad/Downloads/demo_ros2/build/serial_imu1': CMAKE_PREFIX_PATH=/home/sajjad/Downloads/demo_ros2/install/custom_msg1:/home/sajjad/Downloads/demo_ros2/install/pub_sub_custom_msg1:/opt/ros/humble /usr/bin/cmake /home/sajjad/Downloads/demo_ros2/ros2_ws/src/serial_imu1 -DCMAKE_INSTALL_PREFIX=/home/sajjad/Downloads/demo_ros2/install/serial_imu1
[0.125s] -- Found ament_cmake: 1.3.5 (/opt/ros/humble/share/ament_cmake/cmake)
[0.330s] -- Found rclcpp: 16.0.6 (/opt/ros/humble/share/rclcpp/cmake)
[0.369s] -- Found rosidl_generator_c: 3.1.5 (/opt/ros/humble/share/rosidl_generator_c/cmake)
[0.372s] -- Found rosidl_adapter: 3.1.5 (/opt/ros/humble/share/rosidl_adapter/cmake)
[0.380s] -- Found rosidl_generator_cpp: 3.1.5 (/opt/ros/humble/share/rosidl_generator_cpp/cmake)
[0.394s] -- Using all available rosidl_typesupport_c: rosidl_typesupport_fastrtps_c;rosidl_typesupport_introspection_c
[0.415s] -- Using all available rosidl_typesupport_cpp: rosidl_typesupport_fastrtps_cpp;rosidl_typesupport_introspection_cpp
[0.492s] -- Found rmw_implementation_cmake: 6.1.1 (/opt/ros/humble/share/rmw_implementation_cmake/cmake)
[0.494s] -- Found rmw_fastrtps_cpp: 6.2.4 (/opt/ros/humble/share/rmw_fastrtps_cpp/cmake)
[0.648s] -- Using RMW implementation 'rmw_fastrtps_cpp' as default
[0.889s] -- Found custom_msg1: 0.0.0 (/home/sajjad/Downloads/demo_ros2/install/custom_msg1/share/custom_msg1/cmake)
[0.910s] -- Found ament_lint_auto: 0.12.8 (/opt/ros/humble/share/ament_lint_auto/cmake)
[1.035s] -- Added test 'copyright' to check source files copyright and LICENSE
[1.037s] -- Added test 'cppcheck' to perform static code analysis on C / C++ code
[1.038s] -- Configured cppcheck include dirs: 
[1.038s] -- Configured cppcheck exclude dirs and/or files: 
[1.039s] -- Added test 'cpplint' to check C / C++ code against the Google style
[1.039s] -- Configured cpplint exclude dirs and/or files: 
[1.040s] -- Added test 'flake8' to check Python code syntax and style conventions
[1.041s] -- Added test 'lint_cmake' to check CMake code style
[1.042s] -- Added test 'pep257' to check Python code against some of the docstring style conventions in PEP 257
[1.044s] -- Added test 'uncrustify' to check C / C++ code style
[1.044s] -- Configured uncrustify additional arguments: 
[1.044s] -- Added test 'xmllint' to check XML markup files
[1.047s] -- Configuring done
[1.067s] -- Generating done
[1.069s] -- Build files have been written to: /home/sajjad/Downloads/demo_ros2/build/serial_imu1
[1.081s] Invoked command in '/home/sajjad/Downloads/demo_ros2/build/serial_imu1' returned '0': CMAKE_PREFIX_PATH=/home/sajjad/Downloads/demo_ros2/install/custom_msg1:/home/sajjad/Downloads/demo_ros2/install/pub_sub_custom_msg1:/opt/ros/humble /usr/bin/cmake /home/sajjad/Downloads/demo_ros2/ros2_ws/src/serial_imu1 -DCMAKE_INSTALL_PREFIX=/home/sajjad/Downloads/demo_ros2/install/serial_imu1
[1.084s] Invoking command in '/home/sajjad/Downloads/demo_ros2/build/serial_imu1': CMAKE_PREFIX_PATH=/home/sajjad/Downloads/demo_ros2/install/custom_msg1:/home/sajjad/Downloads/demo_ros2/install/pub_sub_custom_msg1:/opt/ros/humble /usr/bin/cmake --build /home/sajjad/Downloads/demo_ros2/build/serial_imu1 -- -j4 -l4
[1.157s] [ 20%] [32mBuilding CXX object CMakeFiles/listener1.dir/src/sub_spec.cpp.o[0m
[1.161s] [ 60%] [32mBuilding C object CMakeFiles/talker1.dir/src/ch_serial.c.o[0m
[1.161s] [ 60%] [32mBuilding CXX object CMakeFiles/talker1.dir/src/serial_port.cpp.o[0m
[4.582s] In file included from [01m[K/opt/ros/humble/include/rclcpp/rclcpp/logging.hpp:24[m[K,
[4.583s]                  from [01m[K/opt/ros/humble/include/rclcpp/rclcpp/client.hpp:40[m[K,
[4.583s]                  from [01m[K/opt/ros/humble/include/rclcpp/rclcpp/callback_group.hpp:24[m[K,
[4.583s]                  from [01m[K/opt/ros/humble/include/rclcpp/rclcpp/any_executable.hpp:20[m[K,
[4.583s]                  from [01m[K/opt/ros/humble/include/rclcpp/rclcpp/memory_strategy.hpp:25[m[K,
[4.583s]                  from [01m[K/opt/ros/humble/include/rclcpp/rclcpp/memory_strategies.hpp:18[m[K,
[4.584s]                  from [01m[K/opt/ros/humble/include/rclcpp/rclcpp/executor_options.hpp:20[m[K,
[4.584s]                  from [01m[K/opt/ros/humble/include/rclcpp/rclcpp/executor.hpp:37[m[K,
[4.584s]                  from [01m[K/opt/ros/humble/include/rclcpp/rclcpp/executors/multi_threaded_executor.hpp:25[m[K,
[4.584s]                  from [01m[K/opt/ros/humble/include/rclcpp/rclcpp/executors.hpp:21[m[K,
[4.584s]                  from [01m[K/opt/ros/humble/include/rclcpp/rclcpp/rclcpp.hpp:155[m[K,
[4.584s]                  from [01m[K/home/sajjad/Downloads/demo_ros2/ros2_ws/src/serial_imu1/src/sub_spec.cpp:13[m[K:
[4.585s] [01m[K/home/sajjad/Downloads/demo_ros2/ros2_ws/src/serial_imu1/src/sub_spec.cpp:[m[K In member function â€˜[01m[Kvoid SubscriberNode::callback(custom_msg1::msg::LogTf_<std::allocator<void> >::SharedPtr) const[m[Kâ€™:
[4.585s] [01m[K/home/sajjad/Downloads/demo_ros2/ros2_ws/src/serial_imu1/src/sub_spec.cpp:46:39:[m[K [01;35m[Kwarning: [m[Kformat â€˜[01m[K%d[m[Kâ€™ expects argument of type â€˜[01m[Kint[m[Kâ€™, but argument 5 has type â€˜[01m[Kcustom_msg1::msg::LogTf_<std::allocator<void> >::_volt_type[m[Kâ€™ {aka â€˜[01m[Klong int[m[Kâ€™} [[01;35m[K]8;;https://gcc.gnu.org/onlinedocs/gcc/Warning-Options.html#index-Wformat=-Wformat=]8;;[m[K]
[4.585s]    46 |       RCLCPP_INFO(this->get_logger(), [01;35m[K"%d"[m[K, [32m[Kmsg->volt[m[K); //change
[4.585s]       |                                       [01;35m[K^~~~[m[K  [32m[K~~~~~~~~~[m[K
[4.585s]       |                                                  [32m[K|[m[K
[4.585s]       |                                                  [32m[Kcustom_msg1::msg::LogTf_<std::allocator<void> >::_volt_type {aka long int}[m[K
[4.585s] [01m[K/home/sajjad/Downloads/demo_ros2/ros2_ws/src/serial_imu1/src/sub_spec.cpp:46:41:[m[K [01;36m[Knote: [m[Kformat string is defined here
[4.586s]    46 |       RCLCPP_INFO(this->get_logger(), "[01;36m[K%d[m[K", msg->volt); //change
[4.586s]       |                                        [01;36m[K~^[m[K
[4.586s]       |                                         [01;36m[K|[m[K
[4.586s]       |                                         [01;36m[Kint[m[K
[4.586s]       |                                        [32m[K%ld[m[K
[4.586s] In file included from [01m[K/opt/ros/humble/include/rclcpp/rclcpp/logging.hpp:24[m[K,
[4.586s]                  from [01m[K/opt/ros/humble/include/rclcpp/rclcpp/client.hpp:40[m[K,
[4.587s]                  from [01m[K/opt/ros/humble/include/rclcpp/rclcpp/callback_group.hpp:24[m[K,
[4.587s]                  from [01m[K/opt/ros/humble/include/rclcpp/rclcpp/any_executable.hpp:20[m[K,
[4.587s]                  from [01m[K/opt/ros/humble/include/rclcpp/rclcpp/memory_strategy.hpp:25[m[K,
[4.587s]                  from [01m[K/opt/ros/humble/include/rclcpp/rclcpp/memory_strategies.hpp:18[m[K,
[4.587s]                  from [01m[K/opt/ros/humble/include/rclcpp/rclcpp/executor_options.hpp:20[m[K,
[4.587s]                  from [01m[K/opt/ros/humble/include/rclcpp/rclcpp/executor.hpp:37[m[K,
[4.587s]                  from [01m[K/opt/ros/humble/include/rclcpp/rclcpp/executors/multi_threaded_executor.hpp:25[m[K,
[4.587s]                  from [01m[K/opt/ros/humble/include/rclcpp/rclcpp/executors.hpp:21[m[K,
[4.588s]                  from [01m[K/opt/ros/humble/include/rclcpp/rclcpp/rclcpp.hpp:155[m[K,
[4.588s]                  from [01m[K/home/sajjad/Downloads/demo_ros2/ros2_ws/src/serial_imu1/src/sub_spec.cpp:13[m[K:
[4.588s] [01m[K/home/sajjad/Downloads/demo_ros2/ros2_ws/src/serial_imu1/src/sub_spec.cpp:48:39:[m[K [01;35m[Kwarning: [m[Kformat â€˜[01m[K%d[m[Kâ€™ expects argument of type â€˜[01m[Kint[m[Kâ€™, but argument 5 has type â€˜[01m[Kcustom_msg1::msg::LogTf_<std::allocator<void> >::_amp_type[m[Kâ€™ {aka â€˜[01m[Klong int[m[Kâ€™} [[01;35m[K]8;;https://gcc.gnu.org/onlinedocs/gcc/Warning-Options.html#index-Wformat=-Wformat=]8;;[m[K]
[4.588s]    48 |       RCLCPP_INFO(this->get_logger(), [01;35m[K"%d"[m[K, [32m[Kmsg->amp[m[K); //change
[4.588s]       |                                       [01;35m[K^~~~[m[K  [32m[K~~~~~~~~[m[K
[4.588s]       |                                                  [32m[K|[m[K
[4.589s]       |                                                  [32m[Kcustom_msg1::msg::LogTf_<std::allocator<void> >::_amp_type {aka long int}[m[K
[4.589s] [01m[K/home/sajjad/Downloads/demo_ros2/ros2_ws/src/serial_imu1/src/sub_spec.cpp:48:41:[m[K [01;36m[Knote: [m[Kformat string is defined here
[4.589s]    48 |       RCLCPP_INFO(this->get_logger(), "[01;36m[K%d[m[K", msg->amp); //change
[4.589s]       |                                        [01;36m[K~^[m[K
[4.589s]       |                                         [01;36m[K|[m[K
[4.589s]       |                                         [01;36m[Kint[m[K
[4.589s]       |                                        [32m[K%ld[m[K
[4.802s] [01m[K/home/sajjad/Downloads/demo_ros2/ros2_ws/src/serial_imu1/src/serial_port.cpp:[m[K In constructor â€˜[01m[KIMUPublisher::IMUPublisher()[m[Kâ€™:
[4.802s] [01m[K/home/sajjad/Downloads/demo_ros2/ros2_ws/src/serial_imu1/src/serial_port.cpp:54:25:[m[K [01;31m[Kerror: [m[Kâ€˜[01m[Kimu_pub[m[Kâ€™ was not declared in this scope
[4.802s]    54 |                         [01;31m[Kimu_pub[m[K = this->create_publisher<custom_msg1::msg::LogTf>("string_msg", 10); // Change
[4.802s]       |                         [01;31m[K^~~~~~~[m[K
[4.817s] [01m[K/home/sajjad/Downloads/demo_ros2/ros2_ws/src/serial_imu1/src/serial_port.cpp:[m[K In member function â€˜[01m[Kvoid IMUPublisher::timer_callback()[m[Kâ€™:
[4.818s] [01m[K/home/sajjad/Downloads/demo_ros2/ros2_ws/src/serial_imu1/src/serial_port.cpp:83:88:[m[K [01;31m[Kerror: [m[Kâ€˜[01m[Kstruct ch_imu_data_t[m[Kâ€™ has no member named â€˜[01m[Kvoltage[m[Kâ€™
[4.818s]    83 |                                                   message.volt = raw.imu[raw.nimu - 1].[01;31m[Kvoltage[m[K;
[4.818s]       |                                                                                        [01;31m[K^~~~~~~[m[K
[4.818s] [01m[K/home/sajjad/Downloads/demo_ros2/ros2_ws/src/serial_imu1/src/serial_port.cpp:85:87:[m[K [01;31m[Kerror: [m[Kâ€˜[01m[Kstruct ch_imu_data_t[m[Kâ€™ has no member named â€˜[01m[Kampere[m[Kâ€™
[4.818s]    85 |                                                   message.amp = raw.imu[raw.nimu - 1].[01;31m[Kampere[m[K;
[4.819s]       |                                                                                       [01;31m[K^~~~~~[m[K
[5.911s] gmake[2]: *** [CMakeFiles/talker1.dir/build.make:76: CMakeFiles/talker1.dir/src/serial_port.cpp.o] Error 1
[5.911s] gmake[1]: *** [CMakeFiles/Makefile2:139: CMakeFiles/talker1.dir/all] Error 2
[5.911s] gmake[1]: *** Waiting for unfinished jobs....
[12.389s] [ 80%] [32m[1mLinking CXX executable listener1[0m
[12.986s] [ 80%] Built target listener1
[12.987s] gmake: *** [Makefile:146: all] Error 2
[12.990s] Invoked command in '/home/sajjad/Downloads/demo_ros2/build/serial_imu1' returned '2': CMAKE_PREFIX_PATH=/home/sajjad/Downloads/demo_ros2/install/custom_msg1:/home/sajjad/Downloads/demo_ros2/install/pub_sub_custom_msg1:/opt/ros/humble /usr/bin/cmake --build /home/sajjad/Downloads/demo_ros2/build/serial_imu1 -- -j4 -l4
