[35m[1mConsolidate compiler generated dependencies of target listener[0m
[35m[1mConsolidate compiler generated dependencies of target talker[0m
[ 40%] Built target listener
[ 60%] [32mBuilding CXX object CMakeFiles/talker.dir/src/serial_port.cpp.o[0m
[ 80%] [32mBuilding C object CMakeFiles/talker.dir/src/ch_serial.c.o[0m
[01m[K/home/sajjad/Downloads/demo_ros2/serial_test/src/serial_imu/src/ch_serial.c:[m[K In function â€˜[01m[Kparse_data[m[Kâ€™:
[01m[K/home/sajjad/Downloads/demo_ros2/serial_test/src/serial_imu/src/ch_serial.c:48:18:[m[K [01;35m[Kwarning: [m[Kunused variable â€˜[01m[Ki[m[Kâ€™ [[01;35m[K]8;;https://gcc.gnu.org/onlinedocs/gcc/Warning-Options.html#index-Wunused-variable-Wunused-variable]8;;[m[K]
   48 |     int ofs = 0, [01;35m[Ki[m[K = 0;
      |                  [01;35m[K^[m[K
[01m[K/home/sajjad/Downloads/demo_ros2/serial_test/src/serial_imu/src/serial_port.cpp:119:2:[m[K [01;31m[Kerror: [m[Kexpected â€˜[01m[K}[m[Kâ€™ at end of input
  119 | }
      |  [01;31m[K^[m[K
[01m[K/home/sajjad/Downloads/demo_ros2/serial_test/src/serial_imu/src/serial_port.cpp:30:1:[m[K [01;36m[Knote: [m[Kto match this â€˜[01m[K{[m[Kâ€™
   30 | [01;36m[K{[m[K
      | [01;36m[K^[m[K
[01m[K/home/sajjad/Downloads/demo_ros2/serial_test/src/serial_imu/src/serial_port.cpp:[m[K In constructor â€˜[01m[KIMUPublisher::IMUPublisher()[m[Kâ€™:
[01m[K/home/sajjad/Downloads/demo_ros2/serial_test/src/serial_imu/src/serial_port.cpp:36:30:[m[K [01;31m[Kerror: [m[Kâ€˜[01m[Kopen_serial[m[Kâ€™ was not declared in this scope
   36 |                         fd = [01;31m[Kopen_serial[m[K();
      |                              [01;31m[K^~~~~~~~~~~[m[K
[01m[K/home/sajjad/Downloads/demo_ros2/serial_test/src/serial_imu/src/serial_port.cpp:37:25:[m[K [01;31m[Kerror: [m[Kâ€˜[01m[Kimu_pub[m[Kâ€™ was not declared in this scope
   37 |                         [01;31m[Kimu_pub[m[K = this->create_publisher<sensor_msgs::msg::Imu>("/Imu_data", 20);
      |                         [01;31m[K^~~~~~~[m[K
[01m[K/home/sajjad/Downloads/demo_ros2/serial_test/src/serial_imu/src/serial_port.cpp:38:25:[m[K [01;31m[Kerror: [m[Kâ€˜[01m[Ktimer_[m[Kâ€™ was not declared in this scope; did you mean â€˜[01m[Ktimer_t[m[Kâ€™?
   38 |                         [01;31m[Ktimer_[m[K = this->create_wall_timer(2ms, std::bind(&IMUPublisher::timer_callback, this));
      |                         [01;31m[K^~~~~~[m[K
      |                         [32m[Ktimer_t[m[K
[01m[K/home/sajjad/Downloads/demo_ros2/serial_test/src/serial_imu/src/serial_port.cpp:[m[K In member function â€˜[01m[Kvoid IMUPublisher::timer_callback()[m[Kâ€™:
[01m[K/home/sajjad/Downloads/demo_ros2/serial_test/src/serial_imu/src/serial_port.cpp:62:49:[m[K [01;31m[Kerror: [m[Kâ€˜[01m[Kimu_pub[m[Kâ€™ was not declared in this scope
   62 |                                                 [01;31m[Kimu_pub[m[K->publish(imu_data);
      |                                                 [01;31m[K^~~~~~~[m[K
[01m[K/home/sajjad/Downloads/demo_ros2/serial_test/src/serial_imu/src/serial_port.cpp:71:17:[m[K [01;31m[Kerror: [m[Ka function-definition is not allowed here before â€˜[01m[K{[m[Kâ€™ token
   71 |                 [01;31m[K{[m[K
      |                 [01;31m[K^[m[K
[01m[K/home/sajjad/Downloads/demo_ros2/serial_test/src/serial_imu/src/serial_port.cpp:[m[K At global scope:
[01m[K/home/sajjad/Downloads/demo_ros2/serial_test/src/serial_imu/src/serial_port.cpp:119:2:[m[K [01;31m[Kerror: [m[Kexpected unqualified-id at end of input
  119 | }
      |  [01;31m[K^[m[K
gmake[2]: *** [CMakeFiles/talker.dir/build.make:76: CMakeFiles/talker.dir/src/serial_port.cpp.o] Error 1
gmake[1]: *** [CMakeFiles/Makefile2:139: CMakeFiles/talker.dir/all] Error 2
gmake: *** [Makefile:146: all] Error 2
